2020-04-19 17:34:20,242 INFO org.springframework.boot.StartupInfoLogger [main] Starting Application on Tadeles-MBP.local.tld with PID 18118 (/Users/tadtab/WorkSpaceJuly2019/Planner2nd2020Recovery/target/classes started by tadtab in /Users/tadtab/WorkSpaceJuly2019/Planner2nd2020Recovery)
2020-04-19 17:34:20,246 DEBUG org.springframework.boot.StartupInfoLogger [main] Running with Spring Boot v2.1.7.RELEASE, Spring v5.1.9.RELEASE
2020-04-19 17:34:20,247 INFO org.springframework.boot.SpringApplication [main] No active profile set, falling back to default profiles: default
2020-04-19 17:34:24,457 INFO org.springframework.boot.StartupInfoLogger [main] Started Application in 4.659 seconds (JVM running for 5.004)
2020-04-19 18:20:26,109 INFO org.springframework.boot.StartupInfoLogger [main] Starting Application on Tadeles-MacBook-Pro.local with PID 18412 (/Users/tadtab/WorkSpaceJuly2019/Planner2nd2020Recovery/target/classes started by tadtab in /Users/tadtab/WorkSpaceJuly2019/Planner2nd2020Recovery)
2020-04-19 18:20:26,112 DEBUG org.springframework.boot.StartupInfoLogger [main] Running with Spring Boot v2.1.7.RELEASE, Spring v5.1.9.RELEASE
2020-04-19 18:20:26,114 INFO org.springframework.boot.SpringApplication [main] No active profile set, falling back to default profiles: default
2020-04-19 18:20:29,912 INFO org.springframework.boot.StartupInfoLogger [main] Started Application in 9.191 seconds (JVM running for 9.516)
2020-04-19 18:20:58,868 INFO org.springframework.boot.StartupInfoLogger [main] Starting Application on Tadeles-MacBook-Pro.local with PID 18434 (/Users/tadtab/WorkSpaceJuly2019/Planner2nd2020Recovery/target/classes started by tadtab in /Users/tadtab/WorkSpaceJuly2019/Planner2nd2020Recovery)
2020-04-19 18:20:58,871 DEBUG org.springframework.boot.StartupInfoLogger [main] Running with Spring Boot v2.1.7.RELEASE, Spring v5.1.9.RELEASE
2020-04-19 18:20:58,872 INFO org.springframework.boot.SpringApplication [main] No active profile set, falling back to default profiles: default
2020-04-19 18:21:28,077 INFO org.springframework.boot.StartupInfoLogger [main] Starting Application on Tadeles-MacBook-Pro.local with PID 18435 (/Users/tadtab/WorkSpaceJuly2019/Planner2nd2020Recovery/target/classes started by tadtab in /Users/tadtab/WorkSpaceJuly2019/Planner2nd2020Recovery)
2020-04-19 18:21:28,079 DEBUG org.springframework.boot.StartupInfoLogger [main] Running with Spring Boot v2.1.7.RELEASE, Spring v5.1.9.RELEASE
2020-04-19 18:21:28,080 INFO org.springframework.boot.SpringApplication [main] No active profile set, falling back to default profiles: default
2020-04-19 18:21:31,885 INFO org.springframework.boot.StartupInfoLogger [main] Started Application in 9.189 seconds (JVM running for 9.524)
2020-04-19 18:27:24,024 INFO org.springframework.boot.StartupInfoLogger [main] Starting Application on Tadeles-MacBook-Pro.local with PID 18446 (/Users/tadtab/WorkSpaceJuly2019/Planner2nd2020Recovery/target/classes started by tadtab in /Users/tadtab/WorkSpaceJuly2019/Planner2nd2020Recovery)
2020-04-19 18:27:24,027 DEBUG org.springframework.boot.StartupInfoLogger [main] Running with Spring Boot v2.1.7.RELEASE, Spring v5.1.9.RELEASE
2020-04-19 18:27:24,028 INFO org.springframework.boot.SpringApplication [main] No active profile set, falling back to default profiles: default
2020-04-19 18:29:41,651 INFO org.springframework.boot.StartupInfoLogger [main] Starting Application on Tadeles-MacBook-Pro.local with PID 18455 (/Users/tadtab/WorkSpaceJuly2019/Planner2nd2020Recovery/target/classes started by tadtab in /Users/tadtab/WorkSpaceJuly2019/Planner2nd2020Recovery)
2020-04-19 18:29:41,656 DEBUG org.springframework.boot.StartupInfoLogger [main] Running with Spring Boot v2.1.7.RELEASE, Spring v5.1.9.RELEASE
2020-04-19 18:29:41,656 INFO org.springframework.boot.SpringApplication [main] No active profile set, falling back to default profiles: default
2020-04-19 18:31:03,026 INFO org.springframework.boot.StartupInfoLogger [main] Starting Application on Tadeles-MacBook-Pro.local with PID 18459 (/Users/tadtab/WorkSpaceJuly2019/Planner2nd2020Recovery/target/classes started by tadtab in /Users/tadtab/WorkSpaceJuly2019/Planner2nd2020Recovery)
2020-04-19 18:31:03,029 DEBUG org.springframework.boot.StartupInfoLogger [main] Running with Spring Boot v2.1.7.RELEASE, Spring v5.1.9.RELEASE
2020-04-19 18:31:03,029 INFO org.springframework.boot.SpringApplication [main] No active profile set, falling back to default profiles: default
2020-04-19 18:33:59,577 INFO org.springframework.boot.StartupInfoLogger [main] Starting Application on Tadeles-MacBook-Pro.local with PID 18467 (/Users/tadtab/WorkSpaceJuly2019/Planner2nd2020Recovery/target/classes started by tadtab in /Users/tadtab/WorkSpaceJuly2019/Planner2nd2020Recovery)
2020-04-19 18:33:59,581 DEBUG org.springframework.boot.StartupInfoLogger [main] Running with Spring Boot v2.1.7.RELEASE, Spring v5.1.9.RELEASE
2020-04-19 18:33:59,581 INFO org.springframework.boot.SpringApplication [main] No active profile set, falling back to default profiles: default
2020-04-19 18:34:03,339 INFO org.springframework.boot.StartupInfoLogger [main] Started Application in 9.17 seconds (JVM running for 9.498)
2020-04-19 18:53:51,244 INFO org.springframework.boot.StartupInfoLogger [main] Starting Application on Tadeles-MacBook-Pro.local with PID 18536 (/Users/tadtab/WorkSpaceJuly2019/Planner2nd2020Recovery/target/classes started by tadtab in /Users/tadtab/WorkSpaceJuly2019/Planner2nd2020Recovery)
2020-04-19 18:53:51,246 DEBUG org.springframework.boot.StartupInfoLogger [main] Running with Spring Boot v2.1.7.RELEASE, Spring v5.1.9.RELEASE
2020-04-19 18:53:51,247 INFO org.springframework.boot.SpringApplication [main] No active profile set, falling back to default profiles: default
2020-04-19 18:55:19,248 INFO org.springframework.boot.StartupInfoLogger [main] Starting Application on Tadeles-MacBook-Pro.local with PID 18543 (/Users/tadtab/WorkSpaceJuly2019/Planner2nd2020Recovery/target/classes started by tadtab in /Users/tadtab/WorkSpaceJuly2019/Planner2nd2020Recovery)
2020-04-19 18:55:19,252 DEBUG org.springframework.boot.StartupInfoLogger [main] Running with Spring Boot v2.1.7.RELEASE, Spring v5.1.9.RELEASE
2020-04-19 18:55:19,253 INFO org.springframework.boot.SpringApplication [main] No active profile set, falling back to default profiles: default
2020-04-19 18:57:15,663 INFO org.springframework.boot.StartupInfoLogger [main] Starting Application on Tadeles-MacBook-Pro.local with PID 18566 (/Users/tadtab/WorkSpaceJuly2019/Planner2nd2020Recovery/target/classes started by tadtab in /Users/tadtab/WorkSpaceJuly2019/Planner2nd2020Recovery)
2020-04-19 18:57:15,666 DEBUG org.springframework.boot.StartupInfoLogger [main] Running with Spring Boot v2.1.7.RELEASE, Spring v5.1.9.RELEASE
2020-04-19 18:57:15,667 INFO org.springframework.boot.SpringApplication [main] No active profile set, falling back to default profiles: default
2020-04-19 18:57:53,819 INFO org.springframework.boot.StartupInfoLogger [main] Starting Application on Tadeles-MacBook-Pro.local with PID 18568 (/Users/tadtab/WorkSpaceJuly2019/Planner2nd2020Recovery/target/classes started by tadtab in /Users/tadtab/WorkSpaceJuly2019/Planner2nd2020Recovery)
2020-04-19 18:57:53,822 DEBUG org.springframework.boot.StartupInfoLogger [main] Running with Spring Boot v2.1.7.RELEASE, Spring v5.1.9.RELEASE
2020-04-19 18:57:53,822 INFO org.springframework.boot.SpringApplication [main] No active profile set, falling back to default profiles: default
2020-04-19 19:01:20,765 INFO org.springframework.boot.StartupInfoLogger [main] Starting Application on Tadeles-MacBook-Pro.local with PID 18578 (/Users/tadtab/WorkSpaceJuly2019/Planner2nd2020Recovery/target/classes started by tadtab in /Users/tadtab/WorkSpaceJuly2019/Planner2nd2020Recovery)
2020-04-19 19:01:20,767 DEBUG org.springframework.boot.StartupInfoLogger [main] Running with Spring Boot v2.1.7.RELEASE, Spring v5.1.9.RELEASE
2020-04-19 19:01:20,768 INFO org.springframework.boot.SpringApplication [main] No active profile set, falling back to default profiles: default
2020-04-19 19:02:43,895 INFO org.springframework.boot.StartupInfoLogger [main] Starting Application on Tadeles-MacBook-Pro.local with PID 18588 (/Users/tadtab/WorkSpaceJuly2019/Planner2nd2020Recovery/target/classes started by tadtab in /Users/tadtab/WorkSpaceJuly2019/Planner2nd2020Recovery)
2020-04-19 19:02:43,897 DEBUG org.springframework.boot.StartupInfoLogger [main] Running with Spring Boot v2.1.7.RELEASE, Spring v5.1.9.RELEASE
2020-04-19 19:02:43,897 INFO org.springframework.boot.SpringApplication [main] No active profile set, falling back to default profiles: default
2020-04-19 19:03:49,205 INFO org.springframework.boot.StartupInfoLogger [main] Starting Application on Tadeles-MacBook-Pro.local with PID 18595 (/Users/tadtab/WorkSpaceJuly2019/Planner2nd2020Recovery/target/classes started by tadtab in /Users/tadtab/WorkSpaceJuly2019/Planner2nd2020Recovery)
2020-04-19 19:03:49,208 DEBUG org.springframework.boot.StartupInfoLogger [main] Running with Spring Boot v2.1.7.RELEASE, Spring v5.1.9.RELEASE
2020-04-19 19:03:49,208 INFO org.springframework.boot.SpringApplication [main] No active profile set, falling back to default profiles: default
2020-04-19 19:04:34,118 INFO org.springframework.boot.StartupInfoLogger [main] Starting Application on Tadeles-MacBook-Pro.local with PID 18608 (/Users/tadtab/WorkSpaceJuly2019/Planner2nd2020Recovery/target/classes started by tadtab in /Users/tadtab/WorkSpaceJuly2019/Planner2nd2020Recovery)
2020-04-19 19:04:34,120 DEBUG org.springframework.boot.StartupInfoLogger [main] Running with Spring Boot v2.1.7.RELEASE, Spring v5.1.9.RELEASE
2020-04-19 19:04:34,121 INFO org.springframework.boot.SpringApplication [main] No active profile set, falling back to default profiles: default
2020-04-19 19:04:36,024 INFO org.springframework.boot.StartupInfoLogger [main] Started Application in 7.279 seconds (JVM running for 7.576)
2020-04-19 19:05:18,572 INFO org.springframework.boot.StartupInfoLogger [main] Starting Application on Tadeles-MacBook-Pro.local with PID 18611 (/Users/tadtab/WorkSpaceJuly2019/Planner2nd2020Recovery/target/classes started by tadtab in /Users/tadtab/WorkSpaceJuly2019/Planner2nd2020Recovery)
2020-04-19 19:05:18,575 DEBUG org.springframework.boot.StartupInfoLogger [main] Running with Spring Boot v2.1.7.RELEASE, Spring v5.1.9.RELEASE
2020-04-19 19:05:18,576 INFO org.springframework.boot.SpringApplication [main] No active profile set, falling back to default profiles: default
2020-04-19 19:05:41,454 INFO org.springframework.boot.StartupInfoLogger [main] Starting Application on Tadeles-MacBook-Pro.local with PID 18612 (/Users/tadtab/WorkSpaceJuly2019/Planner2nd2020Recovery/target/classes started by tadtab in /Users/tadtab/WorkSpaceJuly2019/Planner2nd2020Recovery)
2020-04-19 19:05:41,456 DEBUG org.springframework.boot.StartupInfoLogger [main] Running with Spring Boot v2.1.7.RELEASE, Spring v5.1.9.RELEASE
2020-04-19 19:05:41,457 INFO org.springframework.boot.SpringApplication [main] No active profile set, falling back to default profiles: default
2020-04-19 19:05:43,407 INFO org.springframework.boot.StartupInfoLogger [main] Started Application in 7.338 seconds (JVM running for 7.64)
2020-04-19 19:07:31,350 INFO org.springframework.boot.StartupInfoLogger [main] Starting Application on Tadeles-MacBook-Pro.local with PID 18618 (/Users/tadtab/WorkSpaceJuly2019/Planner2nd2020Recovery/target/classes started by tadtab in /Users/tadtab/WorkSpaceJuly2019/Planner2nd2020Recovery)
2020-04-19 19:07:31,352 DEBUG org.springframework.boot.StartupInfoLogger [main] Running with Spring Boot v2.1.7.RELEASE, Spring v5.1.9.RELEASE
2020-04-19 19:07:31,353 INFO org.springframework.boot.SpringApplication [main] No active profile set, falling back to default profiles: default
2020-04-19 19:07:50,763 INFO org.springframework.boot.StartupInfoLogger [main] Starting Application on Tadeles-MacBook-Pro.local with PID 18619 (/Users/tadtab/WorkSpaceJuly2019/Planner2nd2020Recovery/target/classes started by tadtab in /Users/tadtab/WorkSpaceJuly2019/Planner2nd2020Recovery)
2020-04-19 19:07:50,765 DEBUG org.springframework.boot.StartupInfoLogger [main] Running with Spring Boot v2.1.7.RELEASE, Spring v5.1.9.RELEASE
2020-04-19 19:07:50,766 INFO org.springframework.boot.SpringApplication [main] No active profile set, falling back to default profiles: default
2020-04-19 19:07:53,076 INFO org.springframework.boot.StartupInfoLogger [main] Started Application in 7.704 seconds (JVM running for 8.07)
